Downloading setuptools (1.1MiB)
Downloading numpy (15.9MiB)
Downloading scipy (34.0MiB)
Downloading scikit-learn (9.0MiB)
Downloading torch (846.8MiB)
Downloading transformers (11.4MiB)
Downloading nvidia-nccl-cu12 (307.4MiB)
Downloading triton (148.4MiB)
Downloading pydantic-core (2.0MiB)
Downloading pillow (6.3MiB)
Downloading uvloop (4.5MiB)
Downloading faiss-cpu (30.0MiB)
Downloading networkx (1.9MiB)
Downloading hf-xet (3.0MiB)
Downloading tokenizers (3.1MiB)
 Downloaded pydantic-core
 Downloaded hf-xet
 Downloaded tokenizers
 Downloaded setuptools
 Downloaded networkx
 Downloaded uvloop
 Downloaded pillow
 Downloaded scikit-learn
 Downloaded transformers
 Downloaded numpy
 Downloaded faiss-cpu
 Downloaded scipy
 Downloaded triton
 Downloaded nvidia-nccl-cu12
 Downloaded torch
Uninstalled 41 packages in 487ms
Installed 46 packages in 252ms
Traceback (most recent call last):
  File "/app/.venv/bin/uvicorn", line 10, in <module>
    sys.exit(main())
             ^^^^^^
  File "/app/.venv/lib/python3.12/site-packages/click/core.py", line 1462, in __call__
    return self.main(*args, **kwargs)
           ^^^^^^^^^^^^^^^^^^^^^^^^^^
  File "/app/.venv/lib/python3.12/site-packages/click/core.py", line 1383, in main
    rv = self.invoke(ctx)
         ^^^^^^^^^^^^^^^^
  File "/app/.venv/lib/python3.12/site-packages/click/core.py", line 1246, in invoke
    return ctx.invoke(self.callback, **ctx.params)
           ^^^^^^^^^^^^^^^^^^^^^^^^^^^^^^^^^^^^^^^
  File "/app/.venv/lib/python3.12/site-packages/click/core.py", line 814, in invoke
    return callback(*args, **kwargs)
           ^^^^^^^^^^^^^^^^^^^^^^^^^
  File "/app/.venv/lib/python3.12/site-packages/uvicorn/main.py", line 423, in main
    run(
  File "/app/.venv/lib/python3.12/site-packages/uvicorn/main.py", line 593, in run
    server.run()
  File "/app/.venv/lib/python3.12/site-packages/uvicorn/server.py", line 67, in run
    return asyncio_run(self.serve(sockets=sockets), loop_factory=self.config.get_loop_factory())
           ^^^^^^^^^^^^^^^^^^^^^^^^^^^^^^^^^^^^^^^^^^^^^^^^^^^^^^^^^^^^^^^^^^^^^^^^^^^^^^^^^^^^^
  File "/home/jules/.pyenv/versions/3.12.12/lib/python3.12/asyncio/runners.py", line 195, in run
    return runner.run(main)
           ^^^^^^^^^^^^^^^^
  File "/home/jules/.pyenv/versions/3.12.12/lib/python3.12/asyncio/runners.py", line 118, in run
    return self._loop.run_until_complete(task)
           ^^^^^^^^^^^^^^^^^^^^^^^^^^^^^^^^^^^
  File "uvloop/loop.pyx", line 1518, in uvloop.loop.Loop.run_until_complete
  File "/app/.venv/lib/python3.12/site-packages/uvicorn/server.py", line 71, in serve
    await self._serve(sockets)
  File "/app/.venv/lib/python3.12/site-packages/uvicorn/server.py", line 78, in _serve
    config.load()
  File "/app/.venv/lib/python3.12/site-packages/uvicorn/config.py", line 438, in load
    self.loaded_app = import_from_string(self.app)
                      ^^^^^^^^^^^^^^^^^^^^^^^^^^^^
  File "/app/.venv/lib/python3.12/site-packages/uvicorn/importer.py", line 22, in import_from_string
    raise exc from None
  File "/app/.venv/lib/python3.12/site-packages/uvicorn/importer.py", line 19, in import_from_string
    module = importlib.import_module(module_str)
             ^^^^^^^^^^^^^^^^^^^^^^^^^^^^^^^^^^^
  File "/home/jules/.pyenv/versions/3.12.12/lib/python3.12/importlib/__init__.py", line 90, in import_module
    return _bootstrap._gcd_import(name[level:], package, level)
           ^^^^^^^^^^^^^^^^^^^^^^^^^^^^^^^^^^^^^^^^^^^^^^^^^^^^
  File "<frozen importlib._bootstrap>", line 1387, in _gcd_import
  File "<frozen importlib._bootstrap>", line 1360, in _find_and_load
  File "<frozen importlib._bootstrap>", line 1310, in _find_and_load_unlocked
  File "<frozen importlib._bootstrap>", line 488, in _call_with_frames_removed
  File "<frozen importlib._bootstrap>", line 1387, in _gcd_import
  File "<frozen importlib._bootstrap>", line 1360, in _find_and_load
  File "<frozen importlib._bootstrap>", line 1324, in _find_and_load_unlocked
ModuleNotFoundError: No module named 'app'
