{"timestamp": "2025-08-30 22:15:41,271", "level": "INFO", "logger": "faiss.loader", "message": "Loading faiss.", "module": "loader", "function": "<module>", "line": "154"}
{"timestamp": "2025-08-30 22:15:41,311", "level": "INFO", "logger": "faiss.loader", "message": "Successfully loaded faiss.", "module": "loader", "function": "<module>", "line": "156"}
{"timestamp": "2025-08-30 22:28:10,847", "level": "INFO", "logger": "faiss.loader", "message": "Loading faiss.", "module": "loader", "function": "<module>", "line": "154"}
{"timestamp": "2025-08-30 22:28:10,874", "level": "INFO", "logger": "faiss.loader", "message": "Successfully loaded faiss.", "module": "loader", "function": "<module>", "line": "156"}
{"timestamp": "2025-08-30 22:28:11,071", "level": "INFO", "logger": "httpx", "message": "HTTP Request: POST http://test/api/v1/memory/event "HTTP/1.1 201 Created"", "module": "_client", "function": "_send_single_request", "line": "1740"}
{"timestamp": "2025-08-30 22:28:11,072", "level": "INFO", "logger": "httpx", "message": "HTTP Request: GET http://test/api/v1/memory/audit/verify?kind=events "HTTP/1.1 200 OK"", "module": "_client", "function": "_send_single_request", "line": "1740"}
{"timestamp": "2025-08-30 22:28:11,095", "level": "INFO", "logger": "httpx", "message": "HTTP Request: POST http://test/api/v1/memory/add "HTTP/1.1 201 Created"", "module": "_client", "function": "_send_single_request", "line": "1740"}
{"timestamp": "2025-08-30 22:28:11,097", "level": "INFO", "logger": "httpx", "message": "HTTP Request: POST http://test/api/v1/memory/changelog/redact "HTTP/1.1 200 OK"", "module": "_client", "function": "_send_single_request", "line": "1740"}
{"timestamp": "2025-08-30 22:28:11,098", "level": "INFO", "logger": "httpx", "message": "HTTP Request: GET http://test/api/v1/memory/changelog "HTTP/1.1 200 OK"", "module": "_client", "function": "_send_single_request", "line": "1740"}
{"timestamp": "2025-08-30 22:28:11,133", "level": "INFO", "logger": "httpx", "message": "HTTP Request: POST http://test/api/v1/memory/add "HTTP/1.1 201 Created"", "module": "_client", "function": "_send_single_request", "line": "1740"}
{"timestamp": "2025-08-30 22:28:11,136", "level": "INFO", "logger": "httpx", "message": "HTTP Request: POST http://test/api/v1/memory/add "HTTP/1.1 201 Created"", "module": "_client", "function": "_send_single_request", "line": "1740"}
{"timestamp": "2025-08-30 22:28:11,139", "level": "INFO", "logger": "httpx", "message": "HTTP Request: POST http://test/api/v1/memory/add "HTTP/1.1 201 Created"", "module": "_client", "function": "_send_single_request", "line": "1740"}
{"timestamp": "2025-08-30 22:28:11,142", "level": "INFO", "logger": "httpx", "message": "HTTP Request: POST http://test/api/v1/memory/add "HTTP/1.1 201 Created"", "module": "_client", "function": "_send_single_request", "line": "1740"}
{"timestamp": "2025-08-30 22:28:11,144", "level": "INFO", "logger": "httpx", "message": "HTTP Request: GET http://test/api/v1/memory/search?query=animals%20on%20a%20farm&k=2 "HTTP/1.1 200 OK"", "module": "_client", "function": "_send_single_request", "line": "1740"}
{"timestamp": "2025-08-30 22:28:11,146", "level": "INFO", "logger": "httpx", "message": "HTTP Request: GET http://test/api/v1/memory/search?query=future%20of%20technology&k=2 "HTTP/1.1 200 OK"", "module": "_client", "function": "_send_single_request", "line": "1740"}
{"timestamp": "2025-08-30 22:28:11,154", "level": "INFO", "logger": "httpx", "message": "HTTP Request: POST http://test/api/v1/memory/add "HTTP/1.1 201 Created"", "module": "_client", "function": "_send_single_request", "line": "1740"}
{"timestamp": "2025-08-30 22:28:11,157", "level": "INFO", "logger": "httpx", "message": "HTTP Request: POST http://test/api/v1/memory/add "HTTP/1.1 201 Created"", "module": "_client", "function": "_send_single_request", "line": "1740"}
{"timestamp": "2025-08-30 22:28:11,159", "level": "INFO", "logger": "httpx", "message": "HTTP Request: GET http://test/api/v1/memory/search?query=Cached%20memory&k=2 "HTTP/1.1 200 OK"", "module": "_client", "function": "_send_single_request", "line": "1740"}
{"timestamp": "2025-08-30 22:28:11,160", "level": "INFO", "logger": "httpx", "message": "HTTP Request: GET http://test/api/v1/memory/search?query=Cached%20memory&k=2 "HTTP/1.1 200 OK"", "module": "_client", "function": "_send_single_request", "line": "1740"}
{"timestamp": "2025-08-30 22:28:11,163", "level": "INFO", "logger": "httpx", "message": "HTTP Request: POST http://test/api/v1/memory/add "HTTP/1.1 201 Created"", "module": "_client", "function": "_send_single_request", "line": "1740"}
{"timestamp": "2025-08-30 22:28:11,167", "level": "INFO", "logger": "httpx", "message": "HTTP Request: POST http://testserver/api/v1/memory/event "HTTP/1.1 201 Created"", "module": "_client", "function": "_send_single_request", "line": "1025"}
{"timestamp": "2025-08-30 22:28:11,169", "level": "INFO", "logger": "httpx", "message": "HTTP Request: GET http://testserver/api/v1/memory/changelog?change_type=governance "HTTP/1.1 200 OK"", "module": "_client", "function": "_send_single_request", "line": "1025"}
{"timestamp": "2025-08-30 22:28:11,171", "level": "INFO", "logger": "httpx", "message": "HTTP Request: GET http://testserver/api/v1/memory/changelog?change_type=governance&limit=1&offset=0 "HTTP/1.1 200 OK"", "module": "_client", "function": "_send_single_request", "line": "1025"}
{"timestamp": "2025-08-30 22:28:11,175", "level": "INFO", "logger": "httpx", "message": "HTTP Request: POST http://testserver/api/v1/memory/event "HTTP/1.1 201 Created"", "module": "_client", "function": "_send_single_request", "line": "1025"}
{"timestamp": "2025-08-30 22:28:11,177", "level": "INFO", "logger": "httpx", "message": "HTTP Request: GET http://testserver/api/v1/memory/changelog?change_type=governance "HTTP/1.1 200 OK"", "module": "_client", "function": "_send_single_request", "line": "1025"}
{"timestamp": "2025-08-30 22:28:11,180", "level": "INFO", "logger": "httpx", "message": "HTTP Request: POST http://testserver/api/v1/memory/event "HTTP/1.1 201 Created"", "module": "_client", "function": "_send_single_request", "line": "1025"}
{"timestamp": "2025-08-30 22:28:11,182", "level": "INFO", "logger": "httpx", "message": "HTTP Request: GET http://testserver/api/v1/memory/changelog?change_type=governance&since=2025-08-30T16%3A58%3A11.173564 "HTTP/1.1 200 OK"", "module": "_client", "function": "_send_single_request", "line": "1025"}
{"timestamp": "2025-08-30 22:28:11,185", "level": "INFO", "logger": "httpx", "message": "HTTP Request: POST http://test/api/v1/memory/episodic/add "HTTP/1.1 201 Created"", "module": "_client", "function": "_send_single_request", "line": "1740"}
{"timestamp": "2025-08-30 22:28:11,187", "level": "INFO", "logger": "httpx", "message": "HTTP Request: POST http://test/api/v1/memory/procedural/add "HTTP/1.1 201 Created"", "module": "_client", "function": "_send_single_request", "line": "1740"}
{"timestamp": "2025-08-30 22:28:11,189", "level": "INFO", "logger": "httpx", "message": "HTTP Request: POST http://test/api/v1/memory/rag/add "HTTP/1.1 201 Created"", "module": "_client", "function": "_send_single_request", "line": "1740"}
{"timestamp": "2025-08-30 22:28:11,192", "level": "INFO", "logger": "httpx", "message": "HTTP Request: GET http://test/api/v1/memory/search_v2?query=ep&layers=semantic%2Cepisodic%2Cprocedural%2Crag "HTTP/1.1 200 OK"", "module": "_client", "function": "_send_single_request", "line": "1740"}
{"timestamp": "2025-08-30 22:28:11,198", "level": "INFO", "logger": "httpx", "message": "HTTP Request: POST http://test/api/v1/memory/add "HTTP/1.1 201 Created"", "module": "_client", "function": "_send_single_request", "line": "1740"}
{"timestamp": "2025-08-30 22:28:11,205", "level": "INFO", "logger": "httpx", "message": "HTTP Request: POST http://test/api/v1/memory/add "HTTP/1.1 201 Created"", "module": "_client", "function": "_send_single_request", "line": "1740"}
{"timestamp": "2025-08-30 22:28:11,207", "level": "INFO", "logger": "httpx", "message": "HTTP Request: GET http://test/api/v1/memory/search?query=sky%20is%20blue "HTTP/1.1 200 OK"", "module": "_client", "function": "_send_single_request", "line": "1740"}
{"timestamp": "2025-08-30 22:28:13,479", "level": "INFO", "logger": "httpx", "message": "HTTP Request: POST http://test/api/v1/memory/episodic/add "HTTP/1.1 201 Created"", "module": "_client", "function": "_send_single_request", "line": "1740"}
{"timestamp": "2025-08-30 22:28:13,480", "level": "INFO", "logger": "httpx", "message": "HTTP Request: POST http://test/api/v1/memory/episodic/add "HTTP/1.1 403 Forbidden"", "module": "_client", "function": "_send_single_request", "line": "1740"}
{"timestamp": "2025-08-30 22:28:13,483", "level": "INFO", "logger": "httpx", "message": "HTTP Request: POST http://test/api/v1/memory/session/add "HTTP/1.1 201 Created"", "module": "_client", "function": "_send_single_request", "line": "1740"}
{"timestamp": "2025-08-30 22:28:13,484", "level": "INFO", "logger": "httpx", "message": "HTTP Request: POST http://test/api/v1/memory/session/add "HTTP/1.1 201 Created"", "module": "_client", "function": "_send_single_request", "line": "1740"}
{"timestamp": "2025-08-30 22:28:13,485", "level": "INFO", "logger": "httpx", "message": "HTTP Request: POST http://test/api/v1/memory/session/add "HTTP/1.1 201 Created"", "module": "_client", "function": "_send_single_request", "line": "1740"}
{"timestamp": "2025-08-30 22:28:13,487", "level": "INFO", "logger": "httpx", "message": "HTTP Request: GET http://test/api/v1/memory/session/list?session_id=s-paging&limit=2&offset=1 "HTTP/1.1 200 OK"", "module": "_client", "function": "_send_single_request", "line": "1740"}
{"timestamp": "2025-08-30 22:28:13,490", "level": "INFO", "logger": "httpx", "message": "HTTP Request: POST http://test/api/v1/memory/working/add "HTTP/1.1 201 Created"", "module": "_client", "function": "_send_single_request", "line": "1740"}
{"timestamp": "2025-08-30 22:28:13,491", "level": "INFO", "logger": "httpx", "message": "HTTP Request: POST http://test/api/v1/memory/working/add "HTTP/1.1 201 Created"", "module": "_client", "function": "_send_single_request", "line": "1740"}
{"timestamp": "2025-08-30 22:28:13,492", "level": "INFO", "logger": "httpx", "message": "HTTP Request: GET http://test/api/v1/memory/working/list "HTTP/1.1 200 OK"", "module": "_client", "function": "_send_single_request", "line": "1740"}
{"timestamp": "2025-08-30 22:43:15,746", "level": "INFO", "logger": "faiss.loader", "message": "Loading faiss.", "module": "loader", "function": "<module>", "line": "154"}
{"timestamp": "2025-08-30 22:43:15,776", "level": "INFO", "logger": "faiss.loader", "message": "Successfully loaded faiss.", "module": "loader", "function": "<module>", "line": "156"}
{"timestamp": "2025-08-30 22:43:15,960", "level": "INFO", "logger": "httpx", "message": "HTTP Request: POST http://test/api/v1/memory/event "HTTP/1.1 201 Created"", "module": "_client", "function": "_send_single_request", "line": "1740"}
{"timestamp": "2025-08-30 22:43:15,961", "level": "INFO", "logger": "httpx", "message": "HTTP Request: GET http://test/api/v1/memory/audit/verify?kind=events "HTTP/1.1 200 OK"", "module": "_client", "function": "_send_single_request", "line": "1740"}
{"timestamp": "2025-08-30 22:43:15,976", "level": "INFO", "logger": "httpx", "message": "HTTP Request: POST http://test/api/v1/memory/add "HTTP/1.1 201 Created"", "module": "_client", "function": "_send_single_request", "line": "1740"}
{"timestamp": "2025-08-30 22:43:15,977", "level": "INFO", "logger": "httpx", "message": "HTTP Request: POST http://test/api/v1/memory/changelog/redact "HTTP/1.1 200 OK"", "module": "_client", "function": "_send_single_request", "line": "1740"}
{"timestamp": "2025-08-30 22:43:15,978", "level": "INFO", "logger": "httpx", "message": "HTTP Request: GET http://test/api/v1/memory/changelog "HTTP/1.1 200 OK"", "module": "_client", "function": "_send_single_request", "line": "1740"}
{"timestamp": "2025-08-30 22:43:16,015", "level": "INFO", "logger": "httpx", "message": "HTTP Request: POST http://test/api/v1/memory/add "HTTP/1.1 201 Created"", "module": "_client", "function": "_send_single_request", "line": "1740"}
{"timestamp": "2025-08-30 22:43:16,018", "level": "INFO", "logger": "httpx", "message": "HTTP Request: POST http://test/api/v1/memory/add "HTTP/1.1 201 Created"", "module": "_client", "function": "_send_single_request", "line": "1740"}
{"timestamp": "2025-08-30 22:43:16,020", "level": "INFO", "logger": "httpx", "message": "HTTP Request: POST http://test/api/v1/memory/add "HTTP/1.1 201 Created"", "module": "_client", "function": "_send_single_request", "line": "1740"}
{"timestamp": "2025-08-30 22:43:16,022", "level": "INFO", "logger": "httpx", "message": "HTTP Request: POST http://test/api/v1/memory/add "HTTP/1.1 201 Created"", "module": "_client", "function": "_send_single_request", "line": "1740"}
{"timestamp": "2025-08-30 22:43:16,025", "level": "INFO", "logger": "httpx", "message": "HTTP Request: GET http://test/api/v1/memory/search?query=animals%20on%20a%20farm&k=2 "HTTP/1.1 200 OK"", "module": "_client", "function": "_send_single_request", "line": "1740"}
{"timestamp": "2025-08-30 22:43:16,026", "level": "INFO", "logger": "httpx", "message": "HTTP Request: GET http://test/api/v1/memory/search?query=future%20of%20technology&k=2 "HTTP/1.1 200 OK"", "module": "_client", "function": "_send_single_request", "line": "1740"}
{"timestamp": "2025-08-30 22:43:16,035", "level": "INFO", "logger": "httpx", "message": "HTTP Request: POST http://test/api/v1/memory/add "HTTP/1.1 201 Created"", "module": "_client", "function": "_send_single_request", "line": "1740"}
{"timestamp": "2025-08-30 22:43:16,037", "level": "INFO", "logger": "httpx", "message": "HTTP Request: POST http://test/api/v1/memory/add "HTTP/1.1 201 Created"", "module": "_client", "function": "_send_single_request", "line": "1740"}
{"timestamp": "2025-08-30 22:43:16,038", "level": "INFO", "logger": "httpx", "message": "HTTP Request: GET http://test/api/v1/memory/search?query=Cached%20memory&k=2 "HTTP/1.1 200 OK"", "module": "_client", "function": "_send_single_request", "line": "1740"}
{"timestamp": "2025-08-30 22:43:16,039", "level": "INFO", "logger": "httpx", "message": "HTTP Request: GET http://test/api/v1/memory/search?query=Cached%20memory&k=2 "HTTP/1.1 200 OK"", "module": "_client", "function": "_send_single_request", "line": "1740"}
{"timestamp": "2025-08-30 22:43:16,042", "level": "INFO", "logger": "httpx", "message": "HTTP Request: POST http://test/api/v1/memory/add "HTTP/1.1 201 Created"", "module": "_client", "function": "_send_single_request", "line": "1740"}
{"timestamp": "2025-08-30 22:43:16,046", "level": "INFO", "logger": "httpx", "message": "HTTP Request: POST http://testserver/api/v1/memory/event "HTTP/1.1 201 Created"", "module": "_client", "function": "_send_single_request", "line": "1025"}
{"timestamp": "2025-08-30 22:43:16,048", "level": "INFO", "logger": "httpx", "message": "HTTP Request: GET http://testserver/api/v1/memory/changelog?change_type=governance "HTTP/1.1 200 OK"", "module": "_client", "function": "_send_single_request", "line": "1025"}
{"timestamp": "2025-08-30 22:43:16,050", "level": "INFO", "logger": "httpx", "message": "HTTP Request: GET http://testserver/api/v1/memory/changelog?change_type=governance&limit=1&offset=0 "HTTP/1.1 200 OK"", "module": "_client", "function": "_send_single_request", "line": "1025"}
{"timestamp": "2025-08-30 22:43:16,054", "level": "INFO", "logger": "httpx", "message": "HTTP Request: POST http://testserver/api/v1/memory/event "HTTP/1.1 201 Created"", "module": "_client", "function": "_send_single_request", "line": "1025"}
{"timestamp": "2025-08-30 22:43:16,055", "level": "INFO", "logger": "httpx", "message": "HTTP Request: GET http://testserver/api/v1/memory/changelog?change_type=governance "HTTP/1.1 200 OK"", "module": "_client", "function": "_send_single_request", "line": "1025"}
{"timestamp": "2025-08-30 22:43:16,057", "level": "INFO", "logger": "httpx", "message": "HTTP Request: POST http://testserver/api/v1/memory/event "HTTP/1.1 201 Created"", "module": "_client", "function": "_send_single_request", "line": "1025"}
{"timestamp": "2025-08-30 22:43:16,059", "level": "INFO", "logger": "httpx", "message": "HTTP Request: GET http://testserver/api/v1/memory/changelog?change_type=governance&since=2025-08-30T17%3A13%3A16.053144 "HTTP/1.1 200 OK"", "module": "_client", "function": "_send_single_request", "line": "1025"}
{"timestamp": "2025-08-30 22:43:16,061", "level": "INFO", "logger": "httpx", "message": "HTTP Request: POST http://test/api/v1/memory/episodic/add "HTTP/1.1 201 Created"", "module": "_client", "function": "_send_single_request", "line": "1740"}
{"timestamp": "2025-08-30 22:43:16,063", "level": "INFO", "logger": "httpx", "message": "HTTP Request: POST http://test/api/v1/memory/procedural/add "HTTP/1.1 201 Created"", "module": "_client", "function": "_send_single_request", "line": "1740"}
{"timestamp": "2025-08-30 22:43:16,064", "level": "INFO", "logger": "httpx", "message": "HTTP Request: POST http://test/api/v1/memory/rag/add "HTTP/1.1 201 Created"", "module": "_client", "function": "_send_single_request", "line": "1740"}
{"timestamp": "2025-08-30 22:43:16,066", "level": "INFO", "logger": "httpx", "message": "HTTP Request: GET http://test/api/v1/memory/search_v2?query=ep&layers=semantic%2Cepisodic%2Cprocedural%2Crag "HTTP/1.1 200 OK"", "module": "_client", "function": "_send_single_request", "line": "1740"}
{"timestamp": "2025-08-30 22:43:16,072", "level": "INFO", "logger": "httpx", "message": "HTTP Request: POST http://test/api/v1/memory/add "HTTP/1.1 201 Created"", "module": "_client", "function": "_send_single_request", "line": "1740"}
{"timestamp": "2025-08-30 22:43:16,084", "level": "INFO", "logger": "httpx", "message": "HTTP Request: POST http://test/api/v1/memory/add "HTTP/1.1 201 Created"", "module": "_client", "function": "_send_single_request", "line": "1740"}
{"timestamp": "2025-08-30 22:43:16,086", "level": "INFO", "logger": "httpx", "message": "HTTP Request: GET http://test/api/v1/memory/search?query=sky%20is%20blue "HTTP/1.1 200 OK"", "module": "_client", "function": "_send_single_request", "line": "1740"}
{"timestamp": "2025-08-30 22:43:18,334", "level": "INFO", "logger": "httpx", "message": "HTTP Request: POST http://test/api/v1/memory/episodic/add "HTTP/1.1 201 Created"", "module": "_client", "function": "_send_single_request", "line": "1740"}
{"timestamp": "2025-08-30 22:43:18,336", "level": "INFO", "logger": "httpx", "message": "HTTP Request: POST http://test/api/v1/memory/episodic/add "HTTP/1.1 403 Forbidden"", "module": "_client", "function": "_send_single_request", "line": "1740"}
{"timestamp": "2025-08-30 22:43:18,338", "level": "INFO", "logger": "httpx", "message": "HTTP Request: POST http://test/api/v1/memory/session/add "HTTP/1.1 201 Created"", "module": "_client", "function": "_send_single_request", "line": "1740"}
{"timestamp": "2025-08-30 22:43:18,340", "level": "INFO", "logger": "httpx", "message": "HTTP Request: POST http://test/api/v1/memory/session/add "HTTP/1.1 201 Created"", "module": "_client", "function": "_send_single_request", "line": "1740"}
{"timestamp": "2025-08-30 22:43:18,341", "level": "INFO", "logger": "httpx", "message": "HTTP Request: POST http://test/api/v1/memory/session/add "HTTP/1.1 201 Created"", "module": "_client", "function": "_send_single_request", "line": "1740"}
{"timestamp": "2025-08-30 22:43:18,342", "level": "INFO", "logger": "httpx", "message": "HTTP Request: GET http://test/api/v1/memory/session/list?session_id=s-paging&limit=2&offset=1 "HTTP/1.1 200 OK"", "module": "_client", "function": "_send_single_request", "line": "1740"}
{"timestamp": "2025-08-30 22:43:18,345", "level": "INFO", "logger": "httpx", "message": "HTTP Request: POST http://test/api/v1/memory/working/add "HTTP/1.1 201 Created"", "module": "_client", "function": "_send_single_request", "line": "1740"}
{"timestamp": "2025-08-30 22:43:18,347", "level": "INFO", "logger": "httpx", "message": "HTTP Request: POST http://test/api/v1/memory/working/add "HTTP/1.1 201 Created"", "module": "_client", "function": "_send_single_request", "line": "1740"}
{"timestamp": "2025-08-30 22:43:18,348", "level": "INFO", "logger": "httpx", "message": "HTTP Request: GET http://test/api/v1/memory/working/list "HTTP/1.1 200 OK"", "module": "_client", "function": "_send_single_request", "line": "1740"}
